<?xml version="1.0" encoding="UTF-8"?>
<testng-results ignored="0" total="1" passed="1" failed="0" skipped="0">
  <reporter-output>
  </reporter-output>
  <suite started-at="2022-01-02T00:01:41 BDT" name="Default suite" finished-at="2022-01-02T00:02:32 BDT" duration-ms="50576">
    <groups>
    </groups>
    <test started-at="2022-01-02T00:01:41 BDT" name="Default test" finished-at="2022-01-02T00:02:32 BDT" duration-ms="50576">
      <class name="testCases.TC_001_Basic_login_reset_pass">
        <test-method is-config="true" signature="setDriver()[pri:0, instance:testCases.TC_001_Basic_login_reset_pass@460d0a57]" started-at="2022-01-02T00:01:38 BDT" name="setDriver" finished-at="2022-01-02T00:01:41 BDT" duration-ms="2944" status="PASS">
          <reporter-output>
          </reporter-output>
        </test-method> <!-- setDriver -->
        <test-method signature="firstTestCaseToAutomateLogin()[pri:0, instance:testCases.TC_001_Basic_login_reset_pass@460d0a57]" started-at="2022-01-02T00:01:41 BDT" name="firstTestCaseToAutomateLogin" finished-at="2022-01-02T00:02:32 BDT" duration-ms="50538" status="PASS">
          <reporter-output>
          </reporter-output>
        </test-method> <!-- firstTestCaseToAutomateLogin -->
        <test-method is-config="true" signature="close()[pri:0, instance:testCases.TC_001_Basic_login_reset_pass@460d0a57]" started-at="2022-01-02T00:02:32 BDT" name="close" finished-at="2022-01-02T00:02:32 BDT" duration-ms="392" status="PASS">
          <reporter-output>
          </reporter-output>
        </test-method> <!-- close -->
      </class> <!-- testCases.TC_001_Basic_login_reset_pass -->
    </test> <!-- Default test -->
  </suite> <!-- Default suite -->
</testng-results>
